Arguments: 
  C:\Program Files\nodejs\node.exe C:\Users\xXxHomie21\AppData\Roaming\npm\node_modules\yarn\bin\yarn.js

PATH: 
  C:\ProgramData\Oracle\Java\javapath;c:\program files\imagemagick-7.0.5-q16;c:\windows\system32;c:\windows;c:\windows\system32\wbem;c:\windows\system32\windowspowershell\v1.0\;c:\program files (x86)\amd\ati.ace\core-static;c:\program files (x86)\common files\seagate\snapapi\;c:\program files\common files\autodesk shared\;c:\program files (x86)\ati technologies\ati.ace\core-static;c:\program files (x86)\calibre2\;C:\Program Files (x86)\QuickTime\QTSystem\;C:\WINDOWS\system32;C:\WINDOWS;C:\WINDOWS\System32\Wbem;C:\WINDOWS\System32\WindowsPowerShell\v1.0\;C:\Program Files\WireGuard\;C:\Program Files\Crucial\Crucial Storage Executive;C:\Users\xXxHomie21\AppData\Roaming\nvm;C:\Program Files\nodejs;C:\Program Files\nodejs\;C:\Program Files\Git\cmd;C:\Program Files\Git\mingw64\bin;C:\Program Files\Git\usr\bin;C:\WINDOWS\system32;C:\WINDOWS;C:\WINDOWS\System32\Wbem;C:\WINDOWS\System32\WindowsPowerShell\v1.0\;C:\WINDOWS\System32\OpenSSH\;C:\Users\xXxHomie21\AppData\Local\Programs\Python\Python38\Scripts\;C:\Users\xXxHomie21\AppData\Local\Programs\Python\Python38\;C:\Users\xXxHomie21\AppData\Local\Programs\Python\Python37\Scripts\;C:\Users\xXxHomie21\AppData\Local\Programs\Python\Python37\;C:\Users\xXxHomie21\AppData\Local\Microsoft\WindowsApps;C:\Program Files (x86)\FreeArc\bin;C:\Users\xXxHomie21\AppData\Local\atom\bin;C:\Program Files\JetBrains\PyCharm Community Edition 2019.2.4\bin;C:\Users\xXxHomie21\AppData\Local\Programs\Microsoft VS Code\bin;C:\Users\xXxHomie21\AppData\Local\Programs\IPFS Desktop\resources\app.asar.unpacked\src\ipfs-on-path\scripts\bin-win;C:\Users\xXxHomie21\AppData\Roaming\nvm;C:\Program Files\nodejs;C:\Users\xXxHomie21\AppData\Roaming\npm;C:\Users\xXxHomie21\AppData\Local\Microsoft\WindowsApps;

Yarn version: 
  1.22.17

Node version: 
  16.13.0

Platform: 
  win32 x64

Trace: 
  Error: https://registry.npmjs.org/@next%2fcommon: Not found
      at Request.params.callback [as _callback] (C:\Users\xXxHomie21\AppData\Roaming\npm\node_modules\yarn\lib\cli.js:67029:18)
      at Request.self.callback (C:\Users\xXxHomie21\AppData\Roaming\npm\node_modules\yarn\lib\cli.js:140883:22)
      at Request.emit (node:events:390:28)
      at Request.<anonymous> (C:\Users\xXxHomie21\AppData\Roaming\npm\node_modules\yarn\lib\cli.js:141855:10)
      at Request.emit (node:events:390:28)
      at IncomingMessage.<anonymous> (C:\Users\xXxHomie21\AppData\Roaming\npm\node_modules\yarn\lib\cli.js:141777:12)
      at Object.onceWrapper (node:events:509:28)
      at IncomingMessage.emit (node:events:402:35)
      at endReadableNT (node:internal/streams/readable:1343:12)
      at processTicksAndRejections (node:internal/process/task_queues:83:21)

npm manifest: 
  {
    "name": "tailcrew_web",
    "version": "1.0.0",
    "private": true,
    "scripts": {
      "dev": "next dev",
      "build": "next build",
      "start": "next start"
    },
    "dependencies": {
      "@emotion/react": "^11.7.1",
      "@emotion/styled": "^11.6.0",
      "@fortawesome/fontawesome-svg-core": "^1.2.36",
      "@fortawesome/free-solid-svg-icons": "^5.15.4",
      "@fortawesome/react-fontawesome": "^0.1.16",
      "@mui/icons-material": "^5.2.5",
      "@mui/material": "^5.2.7",
      "@mui/styles": "^5.2.3",
      "@next/common": "1.0.0",
      "@reduxjs/toolkit": "^1.7.1",
      "axios": "^0.24.0",
      "formik": "^2.2.9",
      "framer-motion": "^5.5.6",
      "html-react-parser": "^1.4.5",
      "moment": "^2.29.1",
      "next": "latest",
      "react": "17.0.2",
      "react-dom": "17.0.2",
      "react-intl": "^5.24.1",
      "react-material-ui-carousel": "^2.3.8-mui5",
      "react-multi-carousel": "^2.6.5",
      "react-redux": "^7.2.6",
      "redux-logger": "^3.0.6",
      "redux-persist": "^6.0.0",
      "redux-saga": "^1.1.3",
      "reduxjs-toolkit-persist": "^7.0.7",
      "swiper": "^7.4.1",
      "yup": "^0.32.11"
    },
    "devDependencies": {
      "@types/node": "^16.11.10",
      "@types/react": "^17.0.37",
      "@types/redux-logger": "^3.0.9",
      "typescript": "^4.5.2"
    }
  }

yarn manifest: 
  No manifest

Lockfile: 
  No lockfile
